11:45:49.465 [main] ERROR o.s.boot.SpringApplication - Application startup failed
org.springframework.beans.factory.BeanCreationException: Error creating bean with name 'neo4JConf': Injection of autowired dependencies failed; nested exception is org.springframework.beans.factory.BeanCreationException: Could not autowire method: public void org.springframework.data.neo4j.config.Neo4jConfiguration.setGraphDatabaseService(org.neo4j.graphdb.GraphDatabaseService); nested exception is org.springframework.beans.factory.BeanCreationException: Error creating bean with name 'graphDatabaseService' defined in org.vaadin.neo4j.Neo4JConf: Bean instantiation via factory method failed; nested exception is org.springframework.beans.BeanInstantiationException: Failed to instantiate [org.neo4j.graphdb.GraphDatabaseService]: Circular reference involving containing bean 'neo4JConf' - consider declaring the factory method as static for independence from its containing instance. Factory method 'graphDatabaseService' threw exception; nested exception is java.lang.RuntimeException: Error starting org.neo4j.kernel.EmbeddedGraphDatabase, /home/tomcat/pursuit1.db
	at org.springframework.beans.factory.annotation.AutowiredAnnotationBeanPostProcessor.postProcessPropertyValues(AutowiredAnnotationBeanPostProcessor.java:334) ~[spring-beans-4.1.4.RELEASE.jar:4.1.4.RELEASE]
	at org.springframework.beans.factory.support.AbstractAutowireCapableBeanFactory.populateBean(AbstractAutowireCapableBeanFactory.java:1202) ~[spring-beans-4.1.4.RELEASE.jar:4.1.4.RELEASE]
	at org.springframework.beans.factory.support.AbstractAutowireCapableBeanFactory.doCreateBean(AbstractAutowireCapableBeanFactory.java:537) ~[spring-beans-4.1.4.RELEASE.jar:4.1.4.RELEASE]
	at org.springframework.beans.factory.support.AbstractAutowireCapableBeanFactory.createBean(AbstractAutowireCapableBeanFactory.java:476) ~[spring-beans-4.1.4.RELEASE.jar:4.1.4.RELEASE]
	at org.springframework.beans.factory.support.AbstractBeanFactory$1.getObject(AbstractBeanFactory.java:303) ~[spring-beans-4.1.4.RELEASE.jar:4.1.4.RELEASE]
	at org.springframework.beans.factory.support.DefaultSingletonBeanRegistry.getSingleton(DefaultSingletonBeanRegistry.java:230) ~[spring-beans-4.1.4.RELEASE.jar:4.1.4.RELEASE]
	at org.springframework.beans.factory.support.AbstractBeanFactory.doGetBean(AbstractBeanFactory.java:299) ~[spring-beans-4.1.4.RELEASE.jar:4.1.4.RELEASE]
	at org.springframework.beans.factory.support.AbstractBeanFactory.getBean(AbstractBeanFactory.java:194) ~[spring-beans-4.1.4.RELEASE.jar:4.1.4.RELEASE]
	at org.springframework.beans.factory.support.DefaultListableBeanFactory.preInstantiateSingletons(DefaultListableBeanFactory.java:762) ~[spring-beans-4.1.4.RELEASE.jar:4.1.4.RELEASE]
	at org.springframework.context.support.AbstractApplicationContext.finishBeanFactoryInitialization(AbstractApplicationContext.java:757) ~[spring-context-4.1.4.RELEASE.jar:4.1.4.RELEASE]
	at org.springframework.context.support.AbstractApplicationContext.refresh(AbstractApplicationContext.java:480) ~[spring-context-4.1.4.RELEASE.jar:4.1.4.RELEASE]
	at org.springframework.boot.context.embedded.EmbeddedWebApplicationContext.refresh(EmbeddedWebApplicationContext.java:118) ~[spring-boot-1.2.1.RELEASE.jar:1.2.1.RELEASE]
	at org.springframework.boot.SpringApplication.refresh(SpringApplication.java:691) [spring-boot-1.2.1.RELEASE.jar:1.2.1.RELEASE]
	at org.springframework.boot.SpringApplication.run(SpringApplication.java:321) [spring-boot-1.2.1.RELEASE.jar:1.2.1.RELEASE]
	at org.springframework.boot.SpringApplication.run(SpringApplication.java:961) [spring-boot-1.2.1.RELEASE.jar:1.2.1.RELEASE]
	at org.vaadin.neo4j.vaadin.Application.main(Application.java:45) [classes/:na]
Caused by: org.springframework.beans.factory.BeanCreationException: Could not autowire method: public void org.springframework.data.neo4j.config.Neo4jConfiguration.setGraphDatabaseService(org.neo4j.graphdb.GraphDatabaseService); nested exception is org.springframework.beans.factory.BeanCreationException: Error creating bean with name 'graphDatabaseService' defined in org.vaadin.neo4j.Neo4JConf: Bean instantiation via factory method failed; nested exception is org.springframework.beans.BeanInstantiationException: Failed to instantiate [org.neo4j.graphdb.GraphDatabaseService]: Circular reference involving containing bean 'neo4JConf' - consider declaring the factory method as static for independence from its containing instance. Factory method 'graphDatabaseService' threw exception; nested exception is java.lang.RuntimeException: Error starting org.neo4j.kernel.EmbeddedGraphDatabase, /home/tomcat/pursuit1.db
	at org.springframework.beans.factory.annotation.AutowiredAnnotationBeanPostProcessor$AutowiredMethodElement.inject(AutowiredAnnotationBeanPostProcessor.java:649) ~[spring-beans-4.1.4.RELEASE.jar:4.1.4.RELEASE]
	at org.springframework.beans.factory.annotation.InjectionMetadata.inject(InjectionMetadata.java:88) ~[spring-beans-4.1.4.RELEASE.jar:4.1.4.RELEASE]
	at org.springframework.beans.factory.annotation.AutowiredAnnotationBeanPostProcessor.postProcessPropertyValues(AutowiredAnnotationBeanPostProcessor.java:331) ~[spring-beans-4.1.4.RELEASE.jar:4.1.4.RELEASE]
	... 15 common frames omitted
Caused by: org.springframework.beans.factory.BeanCreationException: Error creating bean with name 'graphDatabaseService' defined in org.vaadin.neo4j.Neo4JConf: Bean instantiation via factory method failed; nested exception is org.springframework.beans.BeanInstantiationException: Failed to instantiate [org.neo4j.graphdb.GraphDatabaseService]: Circular reference involving containing bean 'neo4JConf' - consider declaring the factory method as static for independence from its containing instance. Factory method 'graphDatabaseService' threw exception; nested exception is java.lang.RuntimeException: Error starting org.neo4j.kernel.EmbeddedGraphDatabase, /home/tomcat/pursuit1.db
	at org.springframework.beans.factory.support.ConstructorResolver.instantiateUsingFactoryMethod(ConstructorResolver.java:599) ~[spring-beans-4.1.4.RELEASE.jar:4.1.4.RELEASE]
	at org.springframework.beans.factory.support.AbstractAutowireCapableBeanFactory.instantiateUsingFactoryMethod(AbstractAutowireCapableBeanFactory.java:1111) ~[spring-beans-4.1.4.RELEASE.jar:4.1.4.RELEASE]
	at org.springframework.beans.factory.support.AbstractAutowireCapableBeanFactory.createBeanInstance(AbstractAutowireCapableBeanFactory.java:1006) ~[spring-beans-4.1.4.RELEASE.jar:4.1.4.RELEASE]
	at org.springframework.beans.factory.support.AbstractAutowireCapableBeanFactory.doCreateBean(AbstractAutowireCapableBeanFactory.java:504) ~[spring-beans-4.1.4.RELEASE.jar:4.1.4.RELEASE]
	at org.springframework.beans.factory.support.AbstractAutowireCapableBeanFactory.createBean(AbstractAutowireCapableBeanFactory.java:476) ~[spring-beans-4.1.4.RELEASE.jar:4.1.4.RELEASE]
	at org.springframework.beans.factory.support.AbstractBeanFactory$1.getObject(AbstractBeanFactory.java:303) ~[spring-beans-4.1.4.RELEASE.jar:4.1.4.RELEASE]
	at org.springframework.beans.factory.support.DefaultSingletonBeanRegistry.getSingleton(DefaultSingletonBeanRegistry.java:230) ~[spring-beans-4.1.4.RELEASE.jar:4.1.4.RELEASE]
	at org.springframework.beans.factory.support.AbstractBeanFactory.doGetBean(AbstractBeanFactory.java:299) ~[spring-beans-4.1.4.RELEASE.jar:4.1.4.RELEASE]
	at org.springframework.beans.factory.support.AbstractBeanFactory.getBean(AbstractBeanFactory.java:194) ~[spring-beans-4.1.4.RELEASE.jar:4.1.4.RELEASE]
	at org.springframework.beans.factory.support.DefaultListableBeanFactory.findAutowireCandidates(DefaultListableBeanFactory.java:1134) ~[spring-beans-4.1.4.RELEASE.jar:4.1.4.RELEASE]
	at org.springframework.beans.factory.support.DefaultListableBeanFactory.doResolveDependency(DefaultListableBeanFactory.java:1051) ~[spring-beans-4.1.4.RELEASE.jar:4.1.4.RELEASE]
	at org.springframework.beans.factory.support.DefaultListableBeanFactory.resolveDependency(DefaultListableBeanFactory.java:949) ~[spring-beans-4.1.4.RELEASE.jar:4.1.4.RELEASE]
	at org.springframework.beans.factory.annotation.AutowiredAnnotationBeanPostProcessor$AutowiredMethodElement.inject(AutowiredAnnotationBeanPostProcessor.java:606) ~[spring-beans-4.1.4.RELEASE.jar:4.1.4.RELEASE]
	... 17 common frames omitted
Caused by: org.springframework.beans.BeanInstantiationException: Failed to instantiate [org.neo4j.graphdb.GraphDatabaseService]: Circular reference involving containing bean 'neo4JConf' - consider declaring the factory method as static for independence from its containing instance. Factory method 'graphDatabaseService' threw exception; nested exception is java.lang.RuntimeException: Error starting org.neo4j.kernel.EmbeddedGraphDatabase, /home/tomcat/pursuit1.db
	at org.springframework.beans.factory.support.SimpleInstantiationStrategy.instantiate(SimpleInstantiationStrategy.java:189) ~[spring-beans-4.1.4.RELEASE.jar:4.1.4.RELEASE]
	at org.springframework.beans.factory.support.ConstructorResolver.instantiateUsingFactoryMethod(ConstructorResolver.java:588) ~[spring-beans-4.1.4.RELEASE.jar:4.1.4.RELEASE]
	... 29 common frames omitted
Caused by: java.lang.RuntimeException: Error starting org.neo4j.kernel.EmbeddedGraphDatabase, /home/tomcat/pursuit1.db
	at org.neo4j.kernel.InternalAbstractGraphDatabase.run(InternalAbstractGraphDatabase.java:366) ~[neo4j-kernel-2.1.5.jar:2.1.5]
	at org.neo4j.kernel.EmbeddedGraphDatabase.<init>(EmbeddedGraphDatabase.java:59) ~[neo4j-kernel-2.1.5.jar:2.1.5]
	at org.neo4j.graphdb.factory.GraphDatabaseFactory$1.newDatabase(GraphDatabaseFactory.java:91) ~[neo4j-kernel-2.1.5.jar:2.1.5]
	at org.neo4j.graphdb.factory.GraphDatabaseBuilder.newGraphDatabase(GraphDatabaseBuilder.java:181) ~[neo4j-kernel-2.1.5.jar:2.1.5]
	at org.vaadin.neo4j.Neo4JConf.graphDatabaseService(Neo4JConf.java:39) ~[classes/:na]
	at org.vaadin.neo4j.Neo4JConf$$EnhancerBySpringCGLIB$$3ab1b773.CGLIB$graphDatabaseService$0(<generated>) ~[spring-core-4.1.4.RELEASE.jar:na]
	at org.vaadin.neo4j.Neo4JConf$$EnhancerBySpringCGLIB$$3ab1b773$$FastClassBySpringCGLIB$$12e2f3e6.invoke(<generated>) ~[spring-core-4.1.4.RELEASE.jar:na]
	at org.springframework.cglib.proxy.MethodProxy.invokeSuper(MethodProxy.java:228) ~[spring-core-4.1.4.RELEASE.jar:4.1.4.RELEASE]
	at org.springframework.context.annotation.ConfigurationClassEnhancer$BeanMethodInterceptor.intercept(ConfigurationClassEnhancer.java:309) ~[spring-context-4.1.4.RELEASE.jar:4.1.4.RELEASE]
	at org.vaadin.neo4j.Neo4JConf$$EnhancerBySpringCGLIB$$3ab1b773.graphDatabaseService(<generated>) ~[spring-core-4.1.4.RELEASE.jar:na]
	at sun.reflect.NativeMethodAccessorImpl.invoke0(Native Method) ~[na:1.8.0_25]
	at sun.reflect.NativeMethodAccessorImpl.invoke(NativeMethodAccessorImpl.java:62) ~[na:1.8.0_25]
	at sun.reflect.DelegatingMethodAccessorImpl.invoke(DelegatingMethodAccessorImpl.java:43) ~[na:1.8.0_25]
	at java.lang.reflect.Method.invoke(Method.java:483) ~[na:1.8.0_25]
	at org.springframework.beans.factory.support.SimpleInstantiationStrategy.instantiate(SimpleInstantiationStrategy.java:162) ~[spring-beans-4.1.4.RELEASE.jar:4.1.4.RELEASE]
	... 30 common frames omitted
Caused by: org.neo4j.kernel.lifecycle.LifecycleException: Component 'org.neo4j.kernel.StoreLockerLifecycleAdapter@14f40030' was successfully initialized, but failed to start. Please see attached cause exception.
	at org.neo4j.kernel.lifecycle.LifeSupport$LifecycleInstance.start(LifeSupport.java:513) ~[neo4j-kernel-2.1.5.jar:2.1.5]
	at org.neo4j.kernel.lifecycle.LifeSupport.start(LifeSupport.java:115) ~[neo4j-kernel-2.1.5.jar:2.1.5]
	at org.neo4j.kernel.InternalAbstractGraphDatabase.run(InternalAbstractGraphDatabase.java:343) ~[neo4j-kernel-2.1.5.jar:2.1.5]
	... 44 common frames omitted
Caused by: org.neo4j.kernel.StoreLockException: Unable to create path for store dir: /home/tomcat/pursuit1.db. Please ensure no other process is using this database, and that the directory is writable (required even for read-only access)
	at org.neo4j.kernel.StoreLocker.checkLock(StoreLocker.java:68) ~[neo4j-kernel-2.1.5.jar:2.1.5]
	at org.neo4j.kernel.StoreLockerLifecycleAdapter.start(StoreLockerLifecycleAdapter.java:44) ~[neo4j-kernel-2.1.5.jar:2.1.5]
	at org.neo4j.kernel.lifecycle.LifeSupport$LifecycleInstance.start(LifeSupport.java:507) ~[neo4j-kernel-2.1.5.jar:2.1.5]
	... 46 common frames omitted
Caused by: java.io.IOException: Unable to create directory path [/home/tomcat/pursuit1.db] for Neo4j store.
	at org.neo4j.kernel.DefaultFileSystemAbstraction.mkdirs(DefaultFileSystemAbstraction.java:117) ~[neo4j-kernel-2.1.5.jar:2.1.5]
	at org.neo4j.kernel.StoreLocker.checkLock(StoreLocker.java:63) ~[neo4j-kernel-2.1.5.jar:2.1.5]
	... 48 common frames omitted
